make all --print-data-base --no-builtin-variables --no-builtin-rules --question
# GNU Make 4.2.1
# Built for x86_64-pc-linux-gnu
# Copyright (C) 1988-2016 Free Software Foundation, Inc.
# License GPLv3+: GNU GPL version 3 or later <http://gnu.org/licenses/gpl.html>
# This is free software: you are free to change and redistribute it.
# There is NO WARRANTY, to the extent permitted by law.

# Make data base, printed on Mon May  9 21:24:25 2022

# Variables

# 'override' directive
GNUMAKEFLAGS := 
# automatic
<D = $(patsubst %/,%,$(dir $<))
# automatic
?F = $(notdir $?)
# environment
DESKTOP_SESSION = ubuntu
# default
.SHELLFLAGS := -c
# environment
XDG_SESSION_CLASS = user
# makefile (from 'Makefile', line 5)
SRC := src
# environment
SNAP_COMMON = /var/snap/code/common
# environment
XDG_SESSION_TYPE = x11
# environment
VSCODE_LOG_NATIVE = false
# automatic
?D = $(patsubst %/,%,$(dir $?))
# environment
IM_CONFIG_PHASE = 1
# automatic
@D = $(patsubst %/,%,$(dir $@))
# environment
XAUTHORITY = /run/user/1000/gdm/Xauthority
# environment
GDMSESSION = ubuntu
# environment
XMODIFIERS = @im=ibus
# makefile
CURDIR := /home/morteza/Education/PhD/Courses/Parallel processing/HW/HW4/Code/Q3
# makefile
SHELL = /bin/sh
# environment
SNAP_DATA = /var/snap/code/95
# environment
VSCODE_NLS_CONFIG = {"locale":"en-us","availableLanguages":{},"_languagePackSupport":true}
# environment
JOURNAL_STREAM = 8:48931
# environment
XDG_CONFIG_DIRS = /etc/xdg/xdg-ubuntu:/etc/xdg
# environment
SNAP_INSTANCE_NAME = code
# environment
SNAP_ARCH = amd64
# makefile (from 'Makefile', line 1)
MAKEFILE_LIST :=  Makefile
# automatic
@F = $(notdir $@)
# environment
GIO_LAUNCHED_DESKTOP_FILE = /var/lib/snapd/desktop/applications/code_code.desktop
# environment
USERNAME = morteza
# environment
MAKELEVEL := 0
# environment
XDG_DATA_DIRS = /usr/share/ubuntu:/usr/local/share/:/usr/share/:/var/lib/snapd/desktop
# environment
DBUS_SESSION_BUS_ADDRESS = unix:path=/run/user/1000/bus
# environment
VSCODE_VERBOSE_LOGGING = true
# environment
_ = /snap/code/95/usr/share/code/code
# environment
MANAGERPID = 1763
# environment
LESSOPEN = | /usr/bin/lesspipe %s
# environment
LC_NAME = az_IR
# environment
VSCODE_CWD = /home/morteza
# environment
GSETTINGS_SCHEMA_DIR = /snap/code/95/usr/share/glib-2.0/schemas
# default
MAKE_HOST := x86_64-pc-linux-gnu
# environment
PATH = /usr/local/sbin:/usr/local/bin:/usr/sbin:/usr/bin:/sbin:/bin:/usr/games:/usr/local/games:/snap/bin
# environment
GPG_AGENT_INFO = /run/user/1000/gnupg/S.gpg-agent:0:1
# environment
SESSION_MANAGER = local/morteza-HP-ProBook-4530s:@/tmp/.ICE-unix/1978,unix/morteza-HP-ProBook-4530s:/tmp/.ICE-unix/1978
# environment
XDG_RUNTIME_DIR = /run/user/1000
# environment
GDK_PIXBUF_MODULE_FILE = /home/morteza/snap/code/common/.cache/gdk-pixbuf-loaders.cache
# environment
SNAP = /snap/code/95
# environment
SNAP_VERSION = 57fd6d01
# environment
XDG_MENU_PREFIX = gnome-
# environment
VSCODE_LOG_STACK = false
# environment
DISABLE_WAYLAND = 1
# environment
ELECTRON_RUN_AS_NODE = 1
# environment
INVOCATION_ID = b87f9f7f1b444b318be4d11a38f6dfdb
# environment
GDK_PIXBUF_MODULEDIR = /snap/code/95/usr/lib/x86_64-linux-gnu/gdk-pixbuf-2.0/2.10.0/loaders
# makefile (from 'Makefile', line 7)
LIB := lib
# default
.FEATURES := target-specific order-only second-expansion else-if shortest-stem undefine oneshell archives jobserver output-sync check-symlink load
# environment
LS_COLORS = 
# environment
XDG_SESSION_DESKTOP = ubuntu
# environment
SSH_AUTH_SOCK = /run/user/1000/keyring/ssh
# environment
GIO_LAUNCHED_DESKTOP_FILE_PID = 6312
# automatic
%F = $(notdir $%)
# environment
DISPLAY = :0
# environment
VSCODE_PIPE_LOGGING = true
# environment
SNAP_INSTANCE_KEY = 
# environment
PWD = /home/morteza/Education/PhD/Courses/Parallel processing/HW/HW4/Code/Q3
# default
.LOADED := 
# environment
SSH_AGENT_PID = 1941
# environment
ORIGINAL_XDG_CURRENT_DESKTOP = ubuntu:GNOME
# environment
GTK_MODULES = gail:atk-bridge
# environment
VSCODE_AMD_ENTRYPOINT = vs/workbench/api/node/extensionHostProcess
# environment
HOME = /home/morteza
# environment
LESSCLOSE = /usr/bin/lesspipe %s %s
# environment
VSCODE_CLI = 1
# environment
VSCODE_CODE_CACHE_PATH = /home/morteza/.config/Code/CachedData/57fd6d0195bb9b9d1b49f6da5db789060795de47
# environment
LOGNAME = morteza
# environment
APPLICATION_INSIGHTS_NO_DIAGNOSTIC_CHANNEL = 1
# environment
SNAP_LIBRARY_PATH = /var/lib/snapd/lib/gl:/var/lib/snapd/lib/gl32:/var/lib/snapd/void
# environment
SNAP_CONTEXT = MmQa4H23D7RFTYgGCPb0ljt1tQs49_yI13kMBmWYOf848uV2qqKk
# automatic
+F = $(notdir $+)
# environment
ELECTRON_NO_ATTACH_CONSOLE = 1
# environment
SNAP_USER_COMMON = /home/morteza/snap/code/common
# environment
VSCODE_HANDLES_UNCAUGHT_ERRORS = true
# environment
GNOME_DESKTOP_SESSION_ID = this-is-deprecated
# automatic
^D = $(patsubst %/,%,$(dir $^))
# environment
LC_TIME = az_IR
# environment
SNAP_REAL_HOME = /home/morteza
# default
MAKE = $(MAKE_COMMAND)
# default
MAKECMDGOALS := all
# environment
QT_IM_MODULE = ibus
# environment
SNAP_USER_DATA = /home/morteza/snap/code/95
# environment
SHLVL = 0
# makefile (from 'Makefile', line 2)
CXX_FLAGS := -Wall -Wextra -std=c++17 -ggdb -fopenmp
# environment
GNOME_SHELL_SESSION_MODE = ubuntu
# environment
VSCODE_IPC_HOOK_EXTHOST = /run/user/1000/vscode-ipc-d499a136-e1a6-4eae-ade2-bdece11c3747.sock
# default
MAKE_VERSION := 4.2.1
# environment
USER = morteza
# environment
SNAP_REVISION = 95
# environment
LC_MONETARY = az_IR
# makefile
.DEFAULT_GOAL := all
# makefile (from 'Makefile', line 6)
INCLUDE := include
# environment
XDG_CURRENT_DESKTOP = Unity
# automatic
%D = $(patsubst %/,%,$(dir $%))
# environment
LC_TELEPHONE = az_IR
# default
MAKE_COMMAND := make
# default
.VARIABLES := 
# automatic
*F = $(notdir $*)
# environment
VSCODE_IPC_HOOK = /run/user/1000/vscode-c0ba62b1-1.67.0-main.sock
# environment
BAMF_DESKTOP_FILE_HINT = /var/lib/snapd/desktop/applications/code_code.desktop
# makefile
MAKEFLAGS = pqrR
# environment
MFLAGS = -pqrR
# automatic
*D = $(patsubst %/,%,$(dir $*))
# automatic
+D = $(patsubst %/,%,$(dir $+))
# environment
GDK_BACKEND = x11
# environment
LC_PAPER = az_IR
# environment
LC_IDENTIFICATION = az_IR
# environment
QT_ACCESSIBILITY = 1
# default
MAKEFILES := 
# environment
SNAP_COOKIE = MmQa4H23D7RFTYgGCPb0ljt1tQs49_yI13kMBmWYOf848uV2qqKk
# environment
LC_NUMERIC = az_IR
# automatic
<F = $(notdir $<)
# makefile (from 'Makefile', line 10)
EXECUTABLE := main
# makefile (from 'Makefile', line 1)
CXX := g++
# environment
LC_MEASUREMENT = az_IR
# environment
SNAP_NAME = code
# makefile (from 'Makefile', line 4)
BIN := bin
# environment
LC_ALL = C
# makefile (from 'Makefile', line 9)
LIBRARIES := 
# environment
GJS_DEBUG_TOPICS = JS ERROR;JS LOG
# automatic
^F = $(notdir $^)
# default
SUFFIXES := 
# environment
SNAP_REEXEC = 
# environment
CHROME_DESKTOP = code-url-handler.desktop
# environment
WINDOWPATH = 2
# default
.INCLUDE_DIRS = /usr/include /usr/local/include /usr/include
# environment
GJS_DEBUG_OUTPUT = stderr
# default
.RECIPEPREFIX := 
# environment
LC_ADDRESS = az_IR
# environment
LANG = C
# environment
VSCODE_PID = 6364
# variable set hash-table stats:
# Load=137/1024=13%, Rehash=0, Collisions=28/175=16%

# Pattern-specific Variable Values

# No pattern-specific variable values.

# Directories

 
# . (device 2053, inode 12585322): 8 files, no impossibilities.
# src (device 2053, inode 12585134): 3 files, no impossibilities.

# 11 files, no impossibilities in 2 directories.

# Implicit Rules

# No implicit rules.

# Files

all: bin/main
#  Command line target.
#  Implicit rule search has been done.
#  File does not exist.
#  File has been updated.
#  Needs to be updated (-q is set).
# variable set hash-table stats:
# Load=0/32=0%, Rehash=0, Collisions=0/8=0%

# Not a target:
.SUFFIXES:
#  Implicit rule search has not been done.
#  Modification time never checked.
#  File has not been updated.

# Not a target:
Makefile:
#  Implicit rule search has been done.
#  Last modified 2022-05-05 14:29:15.577530233
#  File has been updated.
#  Successfully updated.

# Not a target:
.DEFAULT:
#  Implicit rule search has not been done.
#  Modification time never checked.
#  File has not been updated.

run: clean all
#  Implicit rule search has not been done.
#  Modification time never checked.
#  File has not been updated.
#  recipe to execute (from 'Makefile', line 16):
	clear
	./$(BIN)/$(EXECUTABLE)

clean:
#  Implicit rule search has not been done.
#  Modification time never checked.
#  File has not been updated.
#  recipe to execute (from 'Makefile', line 23):
	-rm $(BIN)/*

# Not a target:
src/main.cpp:
#  Implicit rule search has been done.
#  Last modified 2022-05-09 21:22:44.948250467
#  File has been updated.
#  Successfully updated.

bin/main: src/main.cpp
#  Implicit rule search has not been done.
#  Implicit/static pattern stem: ''
#  Last modified 2022-05-09 20:22:33.983884716
#  File has been updated.
#  Needs to be updated (-q is set).
# automatic
# @ := bin/main
# automatic
# % := 
# automatic
# * := 
# automatic
# + := src/main.cpp
# automatic
# | := 
# automatic
# < := src/main.cpp
# automatic
# ^ := src/main.cpp
# automatic
# ? := src/main.cpp
# variable set hash-table stats:
# Load=8/32=25%, Rehash=0, Collisions=2/18=11%
#  recipe to execute (from 'Makefile', line 20):
	$(CXX) $(CXX_FLAGS) -I$(INCLUDE) -L$(LIB) $^ -o $@ $(LIBRARIES)

# files hash-table stats:
# Load=8/1024=1%, Rehash=0, Collisions=0/26=0%
# VPATH Search Paths

# No 'vpath' search paths.

# No general ('VPATH' variable) search path.

# strcache buffers: 1 (0) / strings = 18 / storage = 138 B / avg = 7 B
# current buf: size = 8162 B / used = 138 B / count = 18 / avg = 7 B

# strcache performance: lookups = 34 / hit rate = 47%
# hash-table stats:
# Load=18/8192=0%, Rehash=0, Collisions=2/34=6%
# Finished Make data base on Mon May  9 21:24:25 2022

 
